Script started on মঙ্গলবার 26 মে 2015 03:47:45 পূর্বাহ্ণ BDT
]0;amlansaha@amlansaha-Inspiron-1545: /media/amlansaha/3f8e531b-102d-4ee0-986b-bd92769b9f9c/CSE-310(Compiler_Sessional)/Amlan/CSE-310/Assignment3amlansaha@amlansaha-Inspiron-1545:/media/amlansaha/3f8e531b-102d-4ee0-986b-bd92769b9f9c/CSEE-310(Compiler_Sessional)/Amlan/CSE-310/Assignment3$ ping 172.26.26.86[K./script.sh
bash: ./script.sh: Permission denied
]0;amlansaha@amlansaha-Inspiron-1545: /media/amlansaha/3f8e531b-102d-4ee0-986b-bd92769b9f9c/CSE-310(Compiler_Sessional)/Amlan/CSE-310/Assignment3amlansaha@amlansaha-Inspiron-1545:/media/amlansaha/3f8e531b-102d-4ee0-986b-bd92769b9f9c/CSEE-310(Compiler_Sessional)/Amlan/CSE-310/Assignment3$ ./script.sh[1P/script.sh[1Pscript.sh[Cscript.shhscript.sh script.sh
bison: parse.y: cannot open: No such file or directory
g++: error: y.tab.c: No such file or directory
g++: fatal error: no input files
compilation terminated.
flex: can't open lex.l
lexa.l:3:19: fatal error: y.tab.h: No such file or directory
 #include "y.tab.h"
                   ^
compilation terminated.
g++: error: test.o: No such file or directory
g++: error: parse.o: No such file or directory
script.sh: 6: script.sh: ./demoCompiler: not found
]0;amlansaha@amlansaha-Inspiron-1545: /media/amlansaha/3f8e531b-102d-4ee0-986b-bd92769b9f9c/CSE-310(Compiler_Sessional)/Amlan/CSE-310/Assignment3amlansaha@amlansaha-Inspiron-1545:/media/amlansaha/3f8e531b-102d-4ee0-986b-bd92769b9f9c/CSEE-310(Compiler_Sessional)/Amlan/CSE-310/Assignment3$ sh script.sh
parsea.y: In function ‘void yyerror(char*)’:
parsea.y:34:30: error: invalid operands of types ‘<unresolved overloaded function type>’ and ‘int’ to binary ‘operator+’
  fprintf(stdout,"%s\n",count+1,s);
                              ^
parsea.y: In function ‘int main(int, char**)’:
parsea.y:193:6: error: ‘fp’ was not declared in this scope
  if((fp=fopen(argv[1],"r"))==NULL)
      ^
parsea.y:199:7: error: ‘fp’ was not declared in this scope
  yyin=fp;
       ^
lex.yy.c:125:15: error: expected identifier before ‘(’ token
 #define BEGIN (yy_start) = 1 + 2 *
               ^
y.tab.h:60:5: note: in expansion of macro ‘BEGIN’
     BEGIN = 270,
     ^
lex.yy.c:125:15: error: expected ‘}’ before ‘(’ token
 #define BEGIN (yy_start) = 1 + 2 *
               ^
y.tab.h:60:5: note: in expansion of macro ‘BEGIN’
     BEGIN = 270,
     ^
lex.yy.c:125:24: error: conflicting declaration ‘yytokentype yy_start’
 #define BEGIN (yy_start) = 1 + 2 *
                        ^
y.tab.h:60:5: note: in expansion of macro ‘BEGIN’
     BEGIN = 270,
     ^
lex.yy.c:288:12: error: ‘yy_start’ has a previous declaration as ‘int yy_start’
 static int yy_start = 0; /* start state number */
            ^
In file included from lexa.l:3:0:
y.tab.h:60:11: error: expected primary-expression before ‘=’ token
     BEGIN = 270,
           ^
y.tab.h:91:3: error: expected declaration before ‘}’ token
   };
   ^
g++: error: test.o: No such file or directory
g++: error: parse.o: No such file or directory
]0;amlansaha@amlansaha-Inspiron-1545: /media/amlansaha/3f8e531b-102d-4ee0-986b-bd92769b9f9c/CSE-310(Compiler_Sessional)/Amlan/CSE-310/Assignment3amlansaha@amlansaha-Inspiron-1545:/media/amlansaha/3f8e531b-102d-4ee0-986b-bd92769b9f9c/CSEE-310(Compiler_Sessional)/Amlan/CSE-310/Assignment3$ sh script.sh
parsea.y: In function ‘int main(int, char**)’:
parsea.y:193:6: error: ‘fp’ was not declared in this scope
  if((fp=fopen(argv[1],"r"))==NULL)
      ^
parsea.y:199:7: error: ‘fp’ was not declared in this scope
  yyin=fp;
       ^
lex.yy.c:125:15: error: expected identifier before ‘(’ token
 #define BEGIN (yy_start) = 1 + 2 *
               ^
y.tab.h:60:5: note: in expansion of macro ‘BEGIN’
     BEGIN = 270,
     ^
lex.yy.c:125:15: error: expected ‘}’ before ‘(’ token
 #define BEGIN (yy_start) = 1 + 2 *
               ^
y.tab.h:60:5: note: in expansion of macro ‘BEGIN’
     BEGIN = 270,
     ^
lex.yy.c:125:24: error: conflicting declaration ‘yytokentype yy_start’
 #define BEGIN (yy_start) = 1 + 2 *
                        ^
y.tab.h:60:5: note: in expansion of macro ‘BEGIN’
     BEGIN = 270,
     ^
lex.yy.c:288:12: error: ‘yy_start’ has a previous declaration as ‘int yy_start’
 static int yy_start = 0; /* start state number */
            ^
In file included from lexa.l:3:0:
y.tab.h:60:11: error: expected primary-expression before ‘=’ token
     BEGIN = 270,
           ^
y.tab.h:91:3: error: expected declaration before ‘}’ token
   };
   ^
g++: error: test.o: No such file or directory
g++: error: parse.o: No such file or directory
]0;amlansaha@amlansaha-Inspiron-1545: /media/amlansaha/3f8e531b-102d-4ee0-986b-bd92769b9f9c/CSE-310(Compiler_Sessional)/Amlan/CSE-310/Assignment3amlansaha@amlansaha-Inspiron-1545:/media/amlansaha/3f8e531b-102d-4ee0-986b-bd92769b9f9c/CSEE-310(Compiler_Sessional)/Amlan/CSE-310/Assignment3$ sh script.sh
lex.yy.c:125:15: error: expected identifier before ‘(’ token
 #define BEGIN (yy_start) = 1 + 2 *
               ^
y.tab.h:60:5: note: in expansion of macro ‘BEGIN’
     BEGIN = 270,
     ^
lex.yy.c:125:15: error: expected ‘}’ before ‘(’ token
 #define BEGIN (yy_start) = 1 + 2 *
               ^
y.tab.h:60:5: note: in expansion of macro ‘BEGIN’
     BEGIN = 270,
     ^
lex.yy.c:125:24: error: conflicting declaration ‘yytokentype yy_start’
 #define BEGIN (yy_start) = 1 + 2 *
                        ^
y.tab.h:60:5: note: in expansion of macro ‘BEGIN’
     BEGIN = 270,
     ^
lex.yy.c:288:12: error: ‘yy_start’ has a previous declaration as ‘int yy_start’
 static int yy_start = 0; /* start state number */
            ^
In file included from lexa.l:3:0:
y.tab.h:60:11: error: expected primary-expression before ‘=’ token
     BEGIN = 270,
           ^
y.tab.h:91:3: error: expected declaration before ‘}’ token
   };
   ^
g++: error: test.o: No such file or directory
g++: error: parse.o: No such file or directory
]0;amlansaha@amlansaha-Inspiron-1545: /media/amlansaha/3f8e531b-102d-4ee0-986b-bd92769b9f9c/CSE-310(Compiler_Sessional)/Amlan/CSE-310/Assignment3amlansaha@amlansaha-Inspiron-1545:/media/amlansaha/3f8e531b-102d-4ee0-986b-bd92769b9f9c/CSEE-310(Compiler_Sessional)/Amlan/CSE-310/Assignment3$ 
]0;amlansaha@amlansaha-Inspiron-1545: /media/amlansaha/3f8e531b-102d-4ee0-986b-bd92769b9f9c/CSE-310(Compiler_Sessional)/Amlan/CSE-310/Assignment3amlansaha@amlansaha-Inspiron-1545:/media/amlansaha/3f8e531b-102d-4ee0-986b-bd92769b9f9c/CSEE-310(Compiler_Sessional)/Amlan/CSE-310/Assignment3$ sh script.sh
lex.yy.c:125:15: error: expected identifier before ‘(’ token
 #define BEGIN (yy_start) = 1 + 2 *
               ^
y.tab.h:60:5: note: in expansion of macro ‘BEGIN’
     BEGIN = 270,
     ^
lex.yy.c:125:15: error: expected ‘}’ before ‘(’ token
 #define BEGIN (yy_start) = 1 + 2 *
               ^
y.tab.h:60:5: note: in expansion of macro ‘BEGIN’
     BEGIN = 270,
     ^
lex.yy.c:125:24: error: conflicting declaration ‘yytokentype yy_start’
 #define BEGIN (yy_start) = 1 + 2 *
                        ^
y.tab.h:60:5: note: in expansion of macro ‘BEGIN’
     BEGIN = 270,
     ^
lex.yy.c:288:12: error: ‘yy_start’ has a previous declaration as ‘int yy_start’
 static int yy_start = 0; /* start state number */
            ^
In file included from lexa.l:3:0:
y.tab.h:60:11: error: expected primary-expression before ‘=’ token
     BEGIN = 270,
           ^
y.tab.h:91:3: error: expected declaration before ‘}’ token
   };
   ^
]0;amlansaha@amlansaha-Inspiron-1545: /media/amlansaha/3f8e531b-102d-4ee0-986b-bd92769b9f9c/CSE-310(Compiler_Sessional)/Amlan/CSE-310/Assignment3amlansaha@amlansaha-Inspiron-1545:/media/amlansaha/3f8e531b-102d-4ee0-986b-bd92769b9f9c/CSEE-310(Compiler_Sessional)/Amlan/CSE-310/As